<?xml version="1.0" encoding="UTF-8"?>
<!-- Generated by org.testng.reporters.JUnitReportReporter -->
<testsuite hostname="PHANTOM-" failures="0" tests="1" name="com.w3schools.tests.LoginTest" time="13.591" errors="0" timestamp="2024-02-26T12:07:35 IST" skipped="0">
  <testcase classname="com.w3schools.tests.LoginTest" name="loginW3School" time="13.591"/>
</testsuite> <!-- com.w3schools.tests.LoginTest -->
