<?xml version="1.0" encoding="UTF-8"?>
<!-- Generated by org.testng.reporters.JUnitReportReporter -->
<testsuite hostname="PHANTOM-" failures="0" tests="1" name="com.w3schools.utils.Basetest" time="6.258" errors="0" timestamp="2024-02-16T15:19:25 IST" skipped="0">
  <testcase classname="com.w3schools.utils.Basetest" name="start" time="6.258"/>
</testsuite> <!-- com.w3schools.utils.Basetest -->
