<?xml version="1.0" encoding="UTF-8"?>
<!-- Generated by org.testng.reporters.JUnitReportReporter -->
<testsuite hostname="PHANTOM-" failures="0" tests="1" name="com.w3schools.tests.LoginTest" time="14.034" errors="0" timestamp="2024-02-26T11:18:51 IST" skipped="0">
  <testcase classname="com.w3schools.tests.LoginTest" name="loginW3School" time="14.034"/>
</testsuite> <!-- com.w3schools.tests.LoginTest -->
