<?xml version="1.0" encoding="UTF-8"?>
<!-- Generated by org.testng.reporters.JUnitReportReporter -->
<testsuite hostname="PHANTOM-" failures="0" tests="1" name="com.w3schools.tests.SignupTest" time="32.582" errors="0" timestamp="2024-02-21T15:48:33 IST" skipped="0">
  <testcase classname="com.w3schools.tests.SignupTest" name="signUptest" time="32.582"/>
</testsuite> <!-- com.w3schools.tests.SignupTest -->
